This is pdfTeX, Version 3.14159265-2.6-1.40.17 (TeX Live 2016) (preloaded format=pdflatex 2016.9.28)  30 JAN 2017 11:23
entering extended mode
 restricted \write18 enabled.
 file:line:error style messages enabled.
 %&-line parsing enabled.
**section-1-introduction.tex
(./section-1-introduction.tex
LaTeX2e <2016/03/31>
Babel <3.9r> and hyphenation patterns for 22 language(s) loaded.

./section-1-introduction.tex:1: LaTeX Error: Missing \begin{document}.

See the LaTeX manual or LaTeX Companion for explanation.
Type  H <return>  for immediate help.
 ...                                              
                                                  
l.1 T
     he much-heralded exhaustion of the IPv4 networking address is with us, ...

? 
./section-1-introduction.tex:1: Emergency stop.
 ...                                              
                                                  
l.1 T
     he much-heralded exhaustion of the IPv4 networking address is with us, ...

You're in trouble here.  Try typing  <return>  to proceed.
If that doesn't work, type  X <return>  to quit.

 
Here is how much of TeX's memory you used:
 6 strings out of 494447
 320 string characters out of 6166766
 47243 words of memory out of 5000000
 3441 multiletter control sequences out of 15000+600000
 3640 words of font info for 14 fonts, out of 8000000 for 9000
 319 hyphenation exceptions out of 8191
 5i,0n,4p,110b,14s stack positions out of 5000i,500n,10000p,200000b,80000s
./section-1-introduction.tex:1:  ==> Fatal error occurred, no output PDF file p
roduced!
